2024-06-13 21:42:26,258 WARNING database DDL Query made to DB:
create table `tabSubcontracting Order Supplied Item` (
			name varchar(140) primary key,
			creation datetime(6),
			modified datetime(6),
			modified_by varchar(140),
			owner varchar(140),
			docstatus int(1) not null default '0',
			idx int(8) not null default '0',
			`main_item_code` varchar(140),
`rm_item_code` varchar(140),
`stock_uom` varchar(140),
`conversion_factor` decimal(21,9) not null default 1.0,
`reserve_warehouse` varchar(140),
`bom_detail_no` varchar(140),
`reference_name` varchar(140),
`rate` decimal(21,9) not null default 0,
`amount` decimal(21,9) not null default 0,
`required_qty` decimal(21,9) not null default 0,
`supplied_qty` decimal(21,9) not null default 0,
`consumed_qty` decimal(21,9) not null default 0,
`returned_qty` decimal(21,9) not null default 0,
`total_supplied_qty` decimal(21,9) not null default 0,
parent varchar(140),
parentfield varchar(140),
parenttype varchar(140),
index parent(parent))
			ENGINE=InnoDB
			ROW_FORMAT=DYNAMIC
			CHARACTER SET=utf8mb4
			COLLATE=utf8mb4_unicode_ci
2024-06-13 21:42:26,457 WARNING database DDL Query made to DB:
create table `tabSubcontracting Order Item` (
			name varchar(140) primary key,
			creation datetime(6),
			modified datetime(6),
			modified_by varchar(140),
			owner varchar(140),
			docstatus int(1) not null default '0',
			idx int(8) not null default '0',
			`item_code` varchar(140),
`item_name` varchar(140),
`bom` varchar(140),
`include_exploded_items` int(1) not null default 0,
`schedule_date` date,
`expected_delivery_date` date,
`description` longtext,
`image` text,
`qty` decimal(21,9) not null default 1.0,
`received_qty` decimal(21,9) not null default 0,
`returned_qty` decimal(21,9) not null default 0,
`stock_uom` varchar(140),
`conversion_factor` decimal(21,9) not null default 1.0,
`rate` decimal(21,9) not null default 0,
`amount` decimal(21,9) not null default 0,
`rm_cost_per_qty` decimal(21,9) not null default 0,
`service_cost_per_qty` decimal(21,9) not null default 0,
`additional_cost_per_qty` decimal(21,9) not null default 0,
`warehouse` varchar(140),
`expense_account` varchar(140),
`manufacturer` varchar(140),
`manufacturer_part_no` varchar(140),
`material_request` varchar(140),
`material_request_item` varchar(140),
`cost_center` varchar(140),
`project` varchar(140),
`purchase_order_item` varchar(140),
`page_break` int(1) not null default 0,
index `item_code`(`item_code`),
index `expected_delivery_date`(`expected_delivery_date`),
index `material_request`(`material_request`),
index `material_request_item`(`material_request_item`),
index `purchase_order_item`(`purchase_order_item`),
parent varchar(140),
parentfield varchar(140),
parenttype varchar(140),
index parent(parent))
			ENGINE=InnoDB
			ROW_FORMAT=DYNAMIC
			CHARACTER SET=utf8mb4
			COLLATE=utf8mb4_unicode_ci
2024-06-13 21:42:26,716 WARNING database DDL Query made to DB:
create table `tabSubcontracting Receipt` (
			name varchar(140) primary key,
			creation datetime(6),
			modified datetime(6),
			modified_by varchar(140),
			owner varchar(140),
			docstatus int(1) not null default '0',
			idx int(8) not null default '0',
			`title` varchar(140) default '{supplier_name}',
`naming_series` varchar(140),
`supplier` varchar(140),
`supplier_name` varchar(140),
`supplier_delivery_note` varchar(140),
`company` varchar(140),
`posting_date` date,
`posting_time` time(6),
`set_posting_time` int(1) not null default 0,
`is_return` int(1) not null default 0,
`return_against` varchar(140),
`cost_center` varchar(140),
`project` varchar(140),
`supplier_address` varchar(140),
`contact_person` varchar(140),
`address_display` text,
`contact_display` text,
`contact_mobile` text,
`contact_email` text,
`shipping_address` varchar(140),
`shipping_address_display` text,
`billing_address` varchar(140),
`billing_address_display` text,
`set_warehouse` varchar(140),
`rejected_warehouse` varchar(140),
`supplier_warehouse` varchar(140),
`total_qty` decimal(21,9) not null default 0,
`total` decimal(21,9) not null default 0,
`distribute_additional_costs_based_on` varchar(140) default 'Qty',
`total_additional_costs` decimal(21,9) not null default 0,
`in_words` varchar(240),
`bill_no` varchar(140),
`bill_date` date,
`status` varchar(140) default 'Draft',
`per_returned` decimal(21,9) not null default 0,
`amended_from` varchar(140),
`range` varchar(140),
`represents_company` varchar(140),
`auto_repeat` varchar(140),
`letter_head` varchar(140),
`language` varchar(140),
`instructions` text,
`select_print_heading` varchar(140),
`remarks` text,
`transporter_name` varchar(140),
`lr_no` varchar(140),
`lr_date` date,
`_user_tags` text,
`_comments` text,
`_assign` text,
`_liked_by` text,
index `supplier`(`supplier`),
index `posting_date`(`posting_date`),
index `status`(`status`),
index modified(modified))
			ENGINE=InnoDB
			ROW_FORMAT=DYNAMIC
			CHARACTER SET=utf8mb4
			COLLATE=utf8mb4_unicode_ci
2024-06-13 21:42:26,906 WARNING database DDL Query made to DB:
create table `tabSubcontracting Order Service Item` (
			name varchar(140) primary key,
			creation datetime(6),
			modified datetime(6),
			modified_by varchar(140),
			owner varchar(140),
			docstatus int(1) not null default '0',
			idx int(8) not null default '0',
			`item_code` varchar(140),
`item_name` varchar(140),
`qty` decimal(21,9) not null default 0,
`rate` decimal(21,9) not null default 0,
`amount` decimal(21,9) not null default 0,
`fg_item` varchar(140),
`fg_item_qty` decimal(21,9) not null default 1.0,
`purchase_order_item` varchar(140),
`material_request` varchar(140),
`material_request_item` varchar(140),
index `item_code`(`item_code`),
index `purchase_order_item`(`purchase_order_item`),
parent varchar(140),
parentfield varchar(140),
parenttype varchar(140),
index parent(parent))
			ENGINE=InnoDB
			ROW_FORMAT=DYNAMIC
			CHARACTER SET=utf8mb4
			COLLATE=utf8mb4_unicode_ci
2024-06-13 21:42:36,308 WARNING database DDL Query made to DB:
ALTER TABLE `tabAddress` ADD COLUMN `tax_category` varchar(140), ADD COLUMN `is_your_company_address` int(1) not null default 0
2024-06-13 21:42:36,451 WARNING database DDL Query made to DB:
ALTER TABLE `tabContact` ADD COLUMN `is_billing_contact` int(1) not null default 0
2024-06-14 06:21:04,401 WARNING database DDL Query made to DB:
create table `tabDealer` (
			name varchar(140) primary key,
			creation datetime(6),
			modified datetime(6),
			modified_by varchar(140),
			owner varchar(140),
			docstatus int(1) not null default '0',
			idx int(8) not null default '0',
			`_user_tags` text,
`_comments` text,
`_assign` text,
`_liked_by` text,
index modified(modified))
			ENGINE=InnoDB
			ROW_FORMAT=DYNAMIC
			CHARACTER SET=utf8mb4
			COLLATE=utf8mb4_unicode_ci
2024-06-14 06:35:06,499 WARNING database DDL Query made to DB:
ALTER TABLE `tabDealer` ADD COLUMN `data` varchar(140)
2024-06-14 06:38:14,196 WARNING database DDL Query made to DB:
ALTER TABLE `tabDealer` ADD COLUMN `phone_number` varchar(140) default '+91-'
2024-06-14 06:44:03,215 WARNING database DDL Query made to DB:
create table `tabEvents` (
			name varchar(140) primary key,
			creation datetime(6),
			modified datetime(6),
			modified_by varchar(140),
			owner varchar(140),
			docstatus int(1) not null default '0',
			idx int(8) not null default '0',
			`_user_tags` text,
`_comments` text,
`_assign` text,
`_liked_by` text,
index modified(modified))
			ENGINE=InnoDB
			ROW_FORMAT=DYNAMIC
			CHARACTER SET=utf8mb4
			COLLATE=utf8mb4_unicode_ci
2024-06-14 06:52:36,676 WARNING database DDL Query made to DB:
create table `tabEvent_table` (
			name varchar(140) primary key,
			creation datetime(6),
			modified datetime(6),
			modified_by varchar(140),
			owner varchar(140),
			docstatus int(1) not null default '0',
			idx int(8) not null default '0',
			parent varchar(140),
parentfield varchar(140),
parenttype varchar(140),
index parent(parent))
			ENGINE=InnoDB
			ROW_FORMAT=DYNAMIC
			CHARACTER SET=utf8mb4
			COLLATE=utf8mb4_unicode_ci
2024-06-14 06:55:07,008 WARNING database DDL Query made to DB:
alter table `tabEvent_table` add column if not exists parent varchar(140)
2024-06-14 06:55:07,010 WARNING database DDL Query made to DB:
alter table `tabEvent_table` add column if not exists parenttype varchar(140)
2024-06-14 06:55:07,012 WARNING database DDL Query made to DB:
alter table `tabEvent_table` add column if not exists parentfield varchar(140)
2024-06-14 06:55:07,138 WARNING database DDL Query made to DB:
ALTER TABLE `tabEvent_table` ADD COLUMN `participants_name` varchar(140), ADD COLUMN `phone_number` varchar(140) default '+91'
2024-06-14 06:55:39,175 WARNING database DDL Query made to DB:
ALTER TABLE `tabEvents` ADD COLUMN `dealer_name` varchar(140)
2024-06-14 07:07:09,581 WARNING database DDL Query made to DB:
ALTER TABLE `tabDealer` ADD UNIQUE INDEX IF NOT EXISTS data (`data`)
2024-06-14 07:07:38,737 WARNING database DDL Query made to DB:
ALTER TABLE `tabDealer` ADD COLUMN `dealer_name` varchar(140) unique
2024-06-14 07:07:38,740 WARNING database DDL Query made to DB:
ALTER TABLE `tabDealer` ADD UNIQUE INDEX IF NOT EXISTS dealer_name (`dealer_name`)
2024-06-14 10:51:48,130 WARNING database DDL Query made to DB:
alter table `tabEvent_table` add column if not exists parent varchar(140)
2024-06-14 10:51:48,132 WARNING database DDL Query made to DB:
alter table `tabEvent_table` add column if not exists parenttype varchar(140)
2024-06-14 10:51:48,133 WARNING database DDL Query made to DB:
alter table `tabEvent_table` add column if not exists parentfield varchar(140)
2024-06-14 10:51:48,257 WARNING database DDL Query made to DB:
ALTER TABLE `tabEvent_table` ADD COLUMN `email` varchar(140)
2024-06-15 05:07:21,246 WARNING database DDL Query made to DB:
create table `tabcountrytree` (
			name varchar(140) primary key,
			creation datetime(6),
			modified datetime(6),
			modified_by varchar(140),
			owner varchar(140),
			docstatus int(1) not null default '0',
			idx int(8) not null default '0',
			`_user_tags` text,
`_comments` text,
`_assign` text,
`_liked_by` text,
index modified(modified))
			ENGINE=InnoDB
			ROW_FORMAT=DYNAMIC
			CHARACTER SET=utf8mb4
			COLLATE=utf8mb4_unicode_ci
2024-06-15 05:11:12,543 WARNING database DDL Query made to DB:
RENAME TABLE `tabcountrytree` TO `tabLocations`
2024-06-15 05:25:38,821 WARNING database DDL Query made to DB:
create table `tabCountry_tree` (
			name varchar(140) primary key,
			creation datetime(6),
			modified datetime(6),
			modified_by varchar(140),
			owner varchar(140),
			docstatus int(1) not null default '0',
			idx int(8) not null default '0',
			`lft` int(11) not null default 0,
`rgt` int(11) not null default 0,
`is_group` int(1) not null default 0,
`old_parent` varchar(140),
`parent_country_tree` varchar(140),
`_user_tags` text,
`_comments` text,
`_assign` text,
`_liked_by` text,
index modified(modified))
			ENGINE=InnoDB
			ROW_FORMAT=DYNAMIC
			CHARACTER SET=utf8mb4
			COLLATE=utf8mb4_unicode_ci
2024-06-15 05:25:38,821 WARNING database DDL Query made to DB:
create table `tabCountry_tree` (
			name varchar(140) primary key,
			creation datetime(6),
			modified datetime(6),
			modified_by varchar(140),
			owner varchar(140),
			docstatus int(1) not null default '0',
			idx int(8) not null default '0',
			`lft` int(11) not null default 0,
`rgt` int(11) not null default 0,
`is_group` int(1) not null default 0,
`old_parent` varchar(140),
`parent_country_tree` varchar(140),
`_user_tags` text,
`_comments` text,
`_assign` text,
`_liked_by` text,
index modified(modified))
			ENGINE=InnoDB
			ROW_FORMAT=DYNAMIC
			CHARACTER SET=utf8mb4
			COLLATE=utf8mb4_unicode_ci
2024-06-15 05:27:44,208 WARNING database DDL Query made to DB:
create table `tabState` (
			name varchar(140) primary key,
			creation datetime(6),
			modified datetime(6),
			modified_by varchar(140),
			owner varchar(140),
			docstatus int(1) not null default '0',
			idx int(8) not null default '0',
			`lft` int(11) not null default 0,
`rgt` int(11) not null default 0,
`is_group` int(1) not null default 0,
`old_parent` varchar(140),
`parent_state` varchar(140),
`_user_tags` text,
`_comments` text,
`_assign` text,
`_liked_by` text,
index modified(modified))
			ENGINE=InnoDB
			ROW_FORMAT=DYNAMIC
			CHARACTER SET=utf8mb4
			COLLATE=utf8mb4_unicode_ci
2024-06-15 05:28:20,469 WARNING database DDL Query made to DB:
create table `tabTaluka` (
			name varchar(140) primary key,
			creation datetime(6),
			modified datetime(6),
			modified_by varchar(140),
			owner varchar(140),
			docstatus int(1) not null default '0',
			idx int(8) not null default '0',
			`lft` int(11) not null default 0,
`rgt` int(11) not null default 0,
`is_group` int(1) not null default 0,
`old_parent` varchar(140),
`parent_taluka` varchar(140),
`_user_tags` text,
`_comments` text,
`_assign` text,
`_liked_by` text,
index modified(modified))
			ENGINE=InnoDB
			ROW_FORMAT=DYNAMIC
			CHARACTER SET=utf8mb4
			COLLATE=utf8mb4_unicode_ci
2024-06-15 05:28:38,240 WARNING database DDL Query made to DB:
create table `tabCity` (
			name varchar(140) primary key,
			creation datetime(6),
			modified datetime(6),
			modified_by varchar(140),
			owner varchar(140),
			docstatus int(1) not null default '0',
			idx int(8) not null default '0',
			`lft` int(11) not null default 0,
`rgt` int(11) not null default 0,
`is_group` int(1) not null default 0,
`old_parent` varchar(140),
`parent_city` varchar(140),
`_user_tags` text,
`_comments` text,
`_assign` text,
`_liked_by` text,
index modified(modified))
			ENGINE=InnoDB
			ROW_FORMAT=DYNAMIC
			CHARACTER SET=utf8mb4
			COLLATE=utf8mb4_unicode_ci
2024-06-15 05:31:04,349 WARNING database DDL Query made to DB:
ALTER TABLE `tabState` ADD COLUMN `country` varchar(140)
2024-06-15 05:32:24,645 WARNING database DDL Query made to DB:
ALTER TABLE `tabTaluka` ADD COLUMN `state` varchar(140)
2024-06-15 05:33:14,971 WARNING database DDL Query made to DB:
ALTER TABLE `tabCity` ADD COLUMN `taluka` varchar(140)
2024-06-15 05:41:51,377 WARNING database DDL Query made to DB:
ALTER TABLE `tabCountry_tree` ADD COLUMN `country` varchar(140)
2024-06-15 06:14:46,562 WARNING database DDL Query made to DB:
create table `tabLocation_Name` (
			name varchar(140) primary key,
			creation datetime(6),
			modified datetime(6),
			modified_by varchar(140),
			owner varchar(140),
			docstatus int(1) not null default '0',
			idx int(8) not null default '0',
			`lft` int(11) not null default 0,
`rgt` int(11) not null default 0,
`is_group` int(1) not null default 0,
`old_parent` varchar(140),
`parent_location_name` varchar(140),
`_user_tags` text,
`_comments` text,
`_assign` text,
`_liked_by` text,
index modified(modified))
			ENGINE=InnoDB
			ROW_FORMAT=DYNAMIC
			CHARACTER SET=utf8mb4
			COLLATE=utf8mb4_unicode_ci
2024-06-15 07:10:47,482 WARNING database DDL Query made to DB:
ALTER TABLE `tabLocations` ADD COLUMN `lft` int(11) not null default 0, ADD COLUMN `rgt` int(11) not null default 0, ADD COLUMN `is_group` int(1) not null default 0, ADD COLUMN `old_parent` varchar(140), ADD COLUMN `parent_locations` varchar(140)
2024-06-15 07:25:15,440 WARNING database DDL Query made to DB:
ALTER TABLE `tabLocations` ADD COLUMN `location_name` varchar(140)
2024-06-15 07:25:58,370 WARNING database DDL Query made to DB:
ALTER TABLE `tabLocations` ADD UNIQUE INDEX IF NOT EXISTS location_name (`location_name`)
2024-06-15 07:29:06,977 WARNING database DDL Query made to DB:
ALTER TABLE `tabEvents` ADD COLUMN `location` varchar(140)
2024-06-15 09:26:57,319 WARNING database DDL Query made to DB:
ALTER TABLE `tabLocations` ADD COLUMN `description` varchar(140)
2024-06-15 10:16:26,953 WARNING database DDL Query made to DB:
ALTER TABLE `tabEvents` ADD COLUMN `start_date` datetime(6), ADD COLUMN `end_date` datetime(6), ADD COLUMN `color` varchar(140)
2024-06-18 04:02:39,752 WARNING database DDL Query made to DB:
create table `tabVendor` (
			name varchar(140) primary key,
			creation datetime(6),
			modified datetime(6),
			modified_by varchar(140),
			owner varchar(140),
			docstatus int(1) not null default '0',
			idx int(8) not null default '0',
			`_user_tags` text,
`_comments` text,
`_assign` text,
`_liked_by` text,
index modified(modified))
			ENGINE=InnoDB
			ROW_FORMAT=DYNAMIC
			CHARACTER SET=utf8mb4
			COLLATE=utf8mb4_unicode_ci
2024-06-18 04:05:01,180 WARNING database DDL Query made to DB:
ALTER TABLE `tabVendor` ADD COLUMN `name1` varchar(140), ADD COLUMN `item_name` varchar(140), ADD COLUMN `price` varchar(140)
2024-06-18 04:21:45,396 WARNING database DDL Query made to DB:
create table `tabItemTable` (
			name varchar(140) primary key,
			creation datetime(6),
			modified datetime(6),
			modified_by varchar(140),
			owner varchar(140),
			docstatus int(1) not null default '0',
			idx int(8) not null default '0',
			parent varchar(140),
parentfield varchar(140),
parenttype varchar(140),
index parent(parent))
			ENGINE=InnoDB
			ROW_FORMAT=DYNAMIC
			CHARACTER SET=utf8mb4
			COLLATE=utf8mb4_unicode_ci
2024-06-18 04:23:34,280 WARNING database DDL Query made to DB:
alter table `tabItemTable` add column if not exists parent varchar(140)
2024-06-18 04:23:34,282 WARNING database DDL Query made to DB:
alter table `tabItemTable` add column if not exists parenttype varchar(140)
2024-06-18 04:23:34,284 WARNING database DDL Query made to DB:
alter table `tabItemTable` add column if not exists parentfield varchar(140)
2024-06-18 04:23:34,424 WARNING database DDL Query made to DB:
ALTER TABLE `tabItemTable` ADD COLUMN `item_name` varchar(140), ADD COLUMN `price` decimal(21,9) not null default 0
2024-06-18 04:26:31,889 WARNING database DDL Query made to DB:
alter table `tabItemTable` add column if not exists parent varchar(140)
2024-06-18 04:26:31,891 WARNING database DDL Query made to DB:
alter table `tabItemTable` add column if not exists parenttype varchar(140)
2024-06-18 04:26:31,893 WARNING database DDL Query made to DB:
alter table `tabItemTable` add column if not exists parentfield varchar(140)
2024-06-18 04:26:32,006 WARNING database DDL Query made to DB:
ALTER TABLE `tabItemTable` MODIFY `price` decimal(21,9) not null default 0
2024-06-18 04:31:08,764 WARNING database DDL Query made to DB:
alter table `tabItemTable` add column if not exists parent varchar(140)
2024-06-18 04:31:08,765 WARNING database DDL Query made to DB:
alter table `tabItemTable` add column if not exists parenttype varchar(140)
2024-06-18 04:31:08,768 WARNING database DDL Query made to DB:
alter table `tabItemTable` add column if not exists parentfield varchar(140)
2024-06-18 04:31:08,879 WARNING database DDL Query made to DB:
ALTER TABLE `tabItemTable` MODIFY `price` decimal(21,9) not null default 0
2024-06-18 04:33:35,693 WARNING database DDL Query made to DB:
alter table `tabItemTable` add column if not exists parent varchar(140)
2024-06-18 04:33:35,695 WARNING database DDL Query made to DB:
alter table `tabItemTable` add column if not exists parenttype varchar(140)
2024-06-18 04:33:35,696 WARNING database DDL Query made to DB:
alter table `tabItemTable` add column if not exists parentfield varchar(140)
2024-06-18 04:33:35,795 WARNING database DDL Query made to DB:
ALTER TABLE `tabItemTable` MODIFY `price` decimal(21,9) not null default 0
2024-06-18 04:36:35,372 WARNING database DDL Query made to DB:
RENAME TABLE `tabItemTable` TO `tabItem_table`
2024-06-18 04:45:43,389 WARNING database DDL Query made to DB:
alter table `tabItem_table` add column if not exists parent varchar(140)
2024-06-18 04:45:43,392 WARNING database DDL Query made to DB:
alter table `tabItem_table` add column if not exists parenttype varchar(140)
2024-06-18 04:45:43,394 WARNING database DDL Query made to DB:
alter table `tabItem_table` add column if not exists parentfield varchar(140)
2024-06-18 04:45:43,585 WARNING database DDL Query made to DB:
ALTER TABLE `tabItem_table` MODIFY `price` decimal(21,9) not null default 0
2024-06-18 05:03:32,205 WARNING database DDL Query made to DB:
ALTER TABLE `tabVendor` ADD COLUMN `vendor_name` varchar(140)
2024-06-18 05:03:32,205 WARNING database DDL Query made to DB:
ALTER TABLE `tabVendor` ADD COLUMN `vendor_name` varchar(140)
2024-06-18 07:26:35,587 WARNING database DDL Query made to DB:
ALTER TABLE `tabVendor` ADD COLUMN `phone_number` varchar(140)
2024-06-18 07:27:07,665 WARNING database DDL Query made to DB:
ALTER TABLE `tabVendor` MODIFY `phone_number` varchar(140) default '+91-'
